# project noname (0.0.1) configured on Thu May 20 00:12:07 2010 by
# waf 1.5.16 (abi 7, python 20605f0 on linux2)
# using /usr/local/bin/node-waf configure
#

----------------------------------------
Checking for program g++ or c++
  find program=['g++', 'c++'] paths=[] var='CXX'
  -> '/usr/bin/g++'

----------------------------------------
Checking for program cpp
  find program=['cpp'] paths=[] var='CPP'
  -> '/usr/bin/cpp'

----------------------------------------
Checking for program ar
  find program=['ar'] paths=[] var='AR'
  -> '/usr/bin/ar'

----------------------------------------
Checking for program ranlib
  find program=['ranlib'] paths=[] var='RANLIB'
  -> '/usr/bin/ranlib'

----------------------------------------
Checking for g++ 
ok 

----------------------------------------
Checking for program gcc or cc
  find program=['gcc', 'cc'] paths=[] var='CC'
  -> '/usr/bin/gcc'

----------------------------------------
Checking for gcc 
ok 

----------------------------------------
Checking for node prefix 
ok /usr/local

----------------------------------------
Checking for gl
pkg-config --errors-to-stdout --print-errors  gl
yes
